<?xml version="1.0" encoding="utf-8"?>
<coverage line-rate="0.3063" branch-rate="0.3" version="1.9" timestamp="1617721058" lines-covered="87" lines-valid="284" branches-covered="9" branches-valid="30">
  <sources>
    <source>C:\Users\hp\</source>
  </sources>
  <packages>
    <package name="DemoAPI-app" line-rate="0.1371" branch-rate="0.3" complexity="66">
      <classes>
        <class name="DemoAPI_app.Program" filename="source\repos\DemoAPI-app\DemoAPI-app\Program.cs" line-rate="0" branch-rate="1" complexity="2">
          <methods>
            <method name="Main" signature="(System.String[])" line-rate="0" branch-rate="1" complexity="1">
              <lines>
                <line number="15" hits="0" branch="False" />
                <line number="16" hits="0" branch="False" />
                <line number="17" hits="0" branch="False" />
              </lines>
            </method>
            <method name="CreateHostBuilder" signature="(System.String[])" line-rate="0" branch-rate="1" complexity="1">
              <lines>
                <line number="20" hits="0" branch="False" />
                <line number="21" hits="0" branch="False" />
                <line number="22" hits="0" branch="False" />
                <line number="23" hits="0" branch="False" />
                <line number="24" hits="0" branch="False" />
              </lines>
            </method>
          </methods>
          <lines>
            <line number="15" hits="0" branch="False" />
            <line number="16" hits="0" branch="False" />
            <line number="17" hits="0" branch="False" />
            <line number="20" hits="0" branch="False" />
            <line number="21" hits="0" branch="False" />
            <line number="22" hits="0" branch="False" />
            <line number="23" hits="0" branch="False" />
            <line number="24" hits="0" branch="False" />
          </lines>
        </class>
        <class name="DemoAPI_app.Startup" filename="source\repos\DemoAPI-app\DemoAPI-app\Startup.cs" line-rate="0" branch-rate="0" complexity="5">
          <methods>
            <method name="get_Configuration" signature="()" line-rate="0" branch-rate="1" complexity="1">
              <lines>
                <line number="23" hits="0" branch="False" />
              </lines>
            </method>
            <method name="ConfigureServices" signature="(Microsoft.Extensions.DependencyInjection.IServiceCollection)" line-rate="0" branch-rate="1" complexity="1">
              <lines>
                <line number="27" hits="0" branch="False" />
                <line number="36" hits="0" branch="False" />
                <line number="39" hits="0" branch="False" />
                <line number="40" hits="0" branch="False" />
                <line number="41" hits="0" branch="False" />
                <line number="42" hits="0" branch="False" />
                <line number="45" hits="0" branch="False" />
                <line number="46" hits="0" branch="False" />
                <line number="47" hits="0" branch="False" />
                <line number="48" hits="0" branch="False" />
                <line number="49" hits="0" branch="False" />
                <line number="50" hits="0" branch="False" />
                <line number="51" hits="0" branch="False" />
                <line number="54" hits="0" branch="False" />
                <line number="55" hits="0" branch="False" />
                <line number="56" hits="0" branch="False" />
                <line number="57" hits="0" branch="False" />
                <line number="58" hits="0" branch="False" />
                <line number="59" hits="0" branch="False" />
                <line number="60" hits="0" branch="False" />
                <line number="61" hits="0" branch="False" />
                <line number="62" hits="0" branch="False" />
                <line number="63" hits="0" branch="False" />
                <line number="64" hits="0" branch="False" />
                <line number="65" hits="0" branch="False" />
                <line number="66" hits="0" branch="False" />
                <line number="67" hits="0" branch="False" />
                <line number="68" hits="0" branch="False" />
                <line number="69" hits="0" branch="False" />
                <line number="70" hits="0" branch="False" />
                <line number="71" hits="0" branch="False" />
                <line number="72" hits="0" branch="False" />
                <line number="73" hits="0" branch="False" />
                <line number="74" hits="0" branch="False" />
                <line number="78" hits="0" branch="False" />
                <line number="79" hits="0" branch="False" />
              </lines>
            </method>
            <method name="Configure" signature="(Microsoft.AspNetCore.Builder.IApplicationBuilder,Microsoft.AspNetCore.Hosting.IWebHostEnvironment)" line-rate="0" branch-rate="0" complexity="2">
              <lines>
                <line number="83" hits="0" branch="False" />
                <line number="84" hits="0" branch="True" condition-coverage="0% (0/2)">
                  <conditions>
                    <condition number="9" type="jump" coverage="0%" />
                  </conditions>
                </line>
                <line number="85" hits="0" branch="False" />
                <line number="86" hits="0" branch="False" />
                <line number="87" hits="0" branch="False" />
                <line number="89" hits="0" branch="False" />
                <line number="90" hits="0" branch="False" />
                <line number="92" hits="0" branch="False" />
                <line number="94" hits="0" branch="False" />
                <line number="95" hits="0" branch="False" />
                <line number="96" hits="0" branch="False" />
                <line number="97" hits="0" branch="False" />
                <line number="98" hits="0" branch="False" />
              </lines>
            </method>
            <method name=".ctor" signature="(Microsoft.Extensions.Configuration.IConfiguration)" line-rate="0" branch-rate="1" complexity="1">
              <lines>
                <line number="18" hits="0" branch="False" />
                <line number="19" hits="0" branch="False" />
                <line number="20" hits="0" branch="False" />
                <line number="21" hits="0" branch="False" />
              </lines>
            </method>
          </methods>
          <lines>
            <line number="23" hits="0" branch="False" />
            <line number="27" hits="0" branch="False" />
            <line number="36" hits="0" branch="False" />
            <line number="39" hits="0" branch="False" />
            <line number="40" hits="0" branch="False" />
            <line number="41" hits="0" branch="False" />
            <line number="42" hits="0" branch="False" />
            <line number="45" hits="0" branch="False" />
            <line number="46" hits="0" branch="False" />
            <line number="47" hits="0" branch="False" />
            <line number="48" hits="0" branch="False" />
            <line number="49" hits="0" branch="False" />
            <line number="50" hits="0" branch="False" />
            <line number="51" hits="0" branch="False" />
            <line number="54" hits="0" branch="False" />
            <line number="55" hits="0" branch="False" />
            <line number="56" hits="0" branch="False" />
            <line number="57" hits="0" branch="False" />
            <line number="58" hits="0" branch="False" />
            <line number="59" hits="0" branch="False" />
            <line number="60" hits="0" branch="False" />
            <line number="61" hits="0" branch="False" />
            <line number="62" hits="0" branch="False" />
            <line number="63" hits="0" branch="False" />
            <line number="64" hits="0" branch="False" />
            <line number="65" hits="0" branch="False" />
            <line number="66" hits="0" branch="False" />
            <line number="67" hits="0" branch="False" />
            <line number="68" hits="0" branch="False" />
            <line number="69" hits="0" branch="False" />
            <line number="70" hits="0" branch="False" />
            <line number="71" hits="0" branch="False" />
            <line number="72" hits="0" branch="False" />
            <line number="73" hits="0" branch="False" />
            <line number="74" hits="0" branch="False" />
            <line number="78" hits="0" branch="False" />
            <line number="79" hits="0" branch="False" />
            <line number="83" hits="0" branch="False" />
            <line number="84" hits="0" branch="True" condition-coverage="0% (0/2)">
              <conditions>
                <condition number="9" type="jump" coverage="0%" />
              </conditions>
            </line>
            <line number="85" hits="0" branch="False" />
            <line number="86" hits="0" branch="False" />
            <line number="87" hits="0" branch="False" />
            <line number="89" hits="0" branch="False" />
            <line number="90" hits="0" branch="False" />
            <line number="92" hits="0" branch="False" />
            <line number="94" hits="0" branch="False" />
            <line number="95" hits="0" branch="False" />
            <line number="96" hits="0" branch="False" />
            <line number="97" hits="0" branch="False" />
            <line number="98" hits="0" branch="False" />
            <line number="18" hits="0" branch="False" />
            <line number="19" hits="0" branch="False" />
            <line number="20" hits="0" branch="False" />
            <line number="21" hits="0" branch="False" />
          </lines>
        </class>
        <class name="DemoAPI_app.WeatherForecast" filename="source\repos\DemoAPI-app\DemoAPI-app\WeatherForecast.cs" line-rate="0" branch-rate="1" complexity="4">
          <methods>
            <method name="get_Date" signature="()" line-rate="0" branch-rate="1" complexity="1">
              <lines>
                <line number="7" hits="0" branch="False" />
              </lines>
            </method>
            <method name="get_TemperatureC" signature="()" line-rate="0" branch-rate="1" complexity="1">
              <lines>
                <line number="9" hits="0" branch="False" />
              </lines>
            </method>
            <method name="get_TemperatureF" signature="()" line-rate="0" branch-rate="1" complexity="1">
              <lines>
                <line number="11" hits="0" branch="False" />
              </lines>
            </method>
            <method name="get_Summary" signature="()" line-rate="0" branch-rate="1" complexity="1">
              <lines>
                <line number="13" hits="0" branch="False" />
              </lines>
            </method>
          </methods>
          <lines>
            <line number="7" hits="0" branch="False" />
            <line number="9" hits="0" branch="False" />
            <line number="11" hits="0" branch="False" />
            <line number="13" hits="0" branch="False" />
          </lines>
        </class>
        <class name="DemoAPI_app.Service.UserService" filename="source\repos\DemoAPI-app\DemoAPI-app\Service\UserService.cs" line-rate="0" branch-rate="1" complexity="1">
          <methods>
            <method name=".ctor" signature="(System.IServiceProvider)" line-rate="0" branch-rate="1" complexity="1">
              <lines>
                <line number="23" hits="0" branch="False" />
                <line number="24" hits="0" branch="False" />
                <line number="25" hits="0" branch="False" />
                <line number="26" hits="0" branch="False" />
                <line number="27" hits="0" branch="False" />
                <line number="28" hits="0" branch="False" />
              </lines>
            </method>
          </methods>
          <lines>
            <line number="23" hits="0" branch="False" />
            <line number="24" hits="0" branch="False" />
            <line number="25" hits="0" branch="False" />
            <line number="26" hits="0" branch="False" />
            <line number="27" hits="0" branch="False" />
            <line number="28" hits="0" branch="False" />
          </lines>
        </class>
        <class name="DemoAPI_app.Service.UserService/&lt;&gt;c" filename="source\repos\DemoAPI-app\DemoAPI-app\Service\UserService.cs" line-rate="0" branch-rate="1" complexity="2">
          <methods>
            <method name="&lt;RegisterUserAsync&gt;b__4_0" signature="(Microsoft.AspNetCore.Identity.IdentityError)" line-rate="0" branch-rate="1" complexity="1">
              <lines>
                <line number="61" hits="0" branch="False" />
              </lines>
            </method>
            <method name="&lt;ChangeUserPasswordAsync&gt;b__5_0" signature="(Microsoft.AspNetCore.Identity.IdentityError)" line-rate="0" branch-rate="1" complexity="1">
              <lines>
                <line number="98" hits="0" branch="False" />
              </lines>
            </method>
          </methods>
          <lines>
            <line number="61" hits="0" branch="False" />
            <line number="98" hits="0" branch="False" />
          </lines>
        </class>
        <class name="DemoAPI_app.Service.UserService/&lt;RegisterUserAsync&gt;d__4" filename="source\repos\DemoAPI-app\DemoAPI-app\Service\UserService.cs" line-rate="0" branch-rate="0" complexity="6">
          <methods>
            <method name="MoveNext" signature="()" line-rate="0" branch-rate="0" complexity="6">
              <lines>
                <line number="31" hits="0" branch="False" />
                <line number="32" hits="0" branch="True" condition-coverage="0% (0/2)">
                  <conditions>
                    <condition number="29" type="jump" coverage="0%" />
                  </conditions>
                </line>
                <line number="34" hits="0" branch="True" condition-coverage="0% (0/2)">
                  <conditions>
                    <condition number="83" type="jump" coverage="0%" />
                  </conditions>
                </line>
                <line number="35" hits="0" branch="False" />
                <line number="36" hits="0" branch="False" />
                <line number="37" hits="0" branch="False" />
                <line number="38" hits="0" branch="False" />
                <line number="40" hits="0" branch="False" />
                <line number="41" hits="0" branch="False" />
                <line number="42" hits="0" branch="False" />
                <line number="43" hits="0" branch="False" />
                <line number="44" hits="0" branch="False" />
                <line number="46" hits="0" branch="False" />
                <line number="48" hits="0" branch="True" condition-coverage="0% (0/2)">
                  <conditions>
                    <condition number="329" type="jump" coverage="0%" />
                  </conditions>
                </line>
                <line number="49" hits="0" branch="False" />
                <line number="51" hits="0" branch="False" />
                <line number="52" hits="0" branch="False" />
                <line number="53" hits="0" branch="False" />
                <line number="54" hits="0" branch="False" />
                <line number="55" hits="0" branch="False" />
                <line number="57" hits="0" branch="False" />
                <line number="58" hits="0" branch="False" />
                <line number="59" hits="0" branch="False" />
                <line number="60" hits="0" branch="False" />
                <line number="62" hits="0" branch="False" />
                <line number="63" hits="0" branch="False" />
              </lines>
            </method>
          </methods>
          <lines>
            <line number="31" hits="0" branch="False" />
            <line number="32" hits="0" branch="True" condition-coverage="0% (0/2)">
              <conditions>
                <condition number="29" type="jump" coverage="0%" />
              </conditions>
            </line>
            <line number="34" hits="0" branch="True" condition-coverage="0% (0/2)">
              <conditions>
                <condition number="83" type="jump" coverage="0%" />
              </conditions>
            </line>
            <line number="35" hits="0" branch="False" />
            <line number="36" hits="0" branch="False" />
            <line number="37" hits="0" branch="False" />
            <line number="38" hits="0" branch="False" />
            <line number="40" hits="0" branch="False" />
            <line number="41" hits="0" branch="False" />
            <line number="42" hits="0" branch="False" />
            <line number="43" hits="0" branch="False" />
            <line number="44" hits="0" branch="False" />
            <line number="46" hits="0" branch="False" />
            <line number="48" hits="0" branch="True" condition-coverage="0% (0/2)">
              <conditions>
                <condition number="329" type="jump" coverage="0%" />
              </conditions>
            </line>
            <line number="49" hits="0" branch="False" />
            <line number="51" hits="0" branch="False" />
            <line number="52" hits="0" branch="False" />
            <line number="53" hits="0" branch="False" />
            <line number="54" hits="0" branch="False" />
            <line number="55" hits="0" branch="False" />
            <line number="57" hits="0" branch="False" />
            <line number="58" hits="0" branch="False" />
            <line number="59" hits="0" branch="False" />
            <line number="60" hits="0" branch="False" />
            <line number="62" hits="0" branch="False" />
            <line number="63" hits="0" branch="False" />
          </lines>
        </class>
        <class name="DemoAPI_app.Service.UserService/&lt;ChangeUserPasswordAsync&gt;d__5" filename="source\repos\DemoAPI-app\DemoAPI-app\Service\UserService.cs" line-rate="0" branch-rate="0" complexity="6">
          <methods>
            <method name="MoveNext" signature="()" line-rate="0" branch-rate="0" complexity="6">
              <lines>
                <line number="66" hits="0" branch="False" />
                <line number="67" hits="0" branch="True" condition-coverage="0% (0/2)">
                  <conditions>
                    <condition number="40" type="jump" coverage="0%" />
                  </conditions>
                </line>
                <line number="68" hits="0" branch="False" />
                <line number="69" hits="0" branch="False" />
                <line number="72" hits="0" branch="True" condition-coverage="0% (0/2)">
                  <conditions>
                    <condition number="83" type="jump" coverage="0%" />
                  </conditions>
                </line>
                <line number="73" hits="0" branch="False" />
                <line number="74" hits="0" branch="False" />
                <line number="75" hits="0" branch="False" />
                <line number="76" hits="0" branch="False" />
                <line number="77" hits="0" branch="False" />
                <line number="78" hits="0" branch="False" />
                <line number="81" hits="0" branch="False" />
                <line number="83" hits="0" branch="False" />
                <line number="85" hits="0" branch="True" condition-coverage="0% (0/2)">
                  <conditions>
                    <condition number="456" type="jump" coverage="0%" />
                  </conditions>
                </line>
                <line number="86" hits="0" branch="False" />
                <line number="87" hits="0" branch="False" />
                <line number="88" hits="0" branch="False" />
                <line number="89" hits="0" branch="False" />
                <line number="90" hits="0" branch="False" />
                <line number="91" hits="0" branch="False" />
                <line number="94" hits="0" branch="False" />
                <line number="95" hits="0" branch="False" />
                <line number="96" hits="0" branch="False" />
                <line number="97" hits="0" branch="False" />
                <line number="99" hits="0" branch="False" />
                <line number="102" hits="0" branch="False" />
              </lines>
            </method>
          </methods>
          <lines>
            <line number="66" hits="0" branch="False" />
            <line number="67" hits="0" branch="True" condition-coverage="0% (0/2)">
              <conditions>
                <condition number="40" type="jump" coverage="0%" />
              </conditions>
            </line>
            <line number="68" hits="0" branch="False" />
            <line number="69" hits="0" branch="False" />
            <line number="72" hits="0" branch="True" condition-coverage="0% (0/2)">
              <conditions>
                <condition number="83" type="jump" coverage="0%" />
              </conditions>
            </line>
            <line number="73" hits="0" branch="False" />
            <line number="74" hits="0" branch="False" />
            <line number="75" hits="0" branch="False" />
            <line number="76" hits="0" branch="False" />
            <line number="77" hits="0" branch="False" />
            <line number="78" hits="0" branch="False" />
            <line number="81" hits="0" branch="False" />
            <line number="83" hits="0" branch="False" />
            <line number="85" hits="0" branch="True" condition-coverage="0% (0/2)">
              <conditions>
                <condition number="456" type="jump" coverage="0%" />
              </conditions>
            </line>
            <line number="86" hits="0" branch="False" />
            <line number="87" hits="0" branch="False" />
            <line number="88" hits="0" branch="False" />
            <line number="89" hits="0" branch="False" />
            <line number="90" hits="0" branch="False" />
            <line number="91" hits="0" branch="False" />
            <line number="94" hits="0" branch="False" />
            <line number="95" hits="0" branch="False" />
            <line number="96" hits="0" branch="False" />
            <line number="97" hits="0" branch="False" />
            <line number="99" hits="0" branch="False" />
            <line number="102" hits="0" branch="False" />
          </lines>
        </class>
        <class name="DemoAPI_app.Service.UserService/&lt;LoginUserAsync&gt;d__6" filename="source\repos\DemoAPI-app\DemoAPI-app\Service\UserService.cs" line-rate="0" branch-rate="0" complexity="4">
          <methods>
            <method name="MoveNext" signature="()" line-rate="0" branch-rate="0" complexity="4">
              <lines>
                <line number="106" hits="0" branch="False" />
                <line number="107" hits="0" branch="False" />
                <line number="109" hits="0" branch="True" condition-coverage="0% (0/2)">
                  <conditions>
                    <condition number="180" type="jump" coverage="0%" />
                  </conditions>
                </line>
                <line number="110" hits="0" branch="False" />
                <line number="111" hits="0" branch="False" />
                <line number="112" hits="0" branch="False" />
                <line number="113" hits="0" branch="False" />
                <line number="114" hits="0" branch="False" />
                <line number="115" hits="0" branch="False" />
                <line number="118" hits="0" branch="False" />
                <line number="120" hits="0" branch="True" condition-coverage="0% (0/2)">
                  <conditions>
                    <condition number="370" type="jump" coverage="0%" />
                  </conditions>
                </line>
                <line number="121" hits="0" branch="False" />
                <line number="122" hits="0" branch="False" />
                <line number="123" hits="0" branch="False" />
                <line number="124" hits="0" branch="False" />
                <line number="125" hits="0" branch="False" />
                <line number="126" hits="0" branch="False" />
                <line number="129" hits="0" branch="False" />
                <line number="130" hits="0" branch="False" />
                <line number="131" hits="0" branch="False" />
                <line number="132" hits="0" branch="False" />
                <line number="133" hits="0" branch="False" />
                <line number="135" hits="0" branch="False" />
                <line number="137" hits="0" branch="False" />
                <line number="138" hits="0" branch="False" />
                <line number="139" hits="0" branch="False" />
                <line number="140" hits="0" branch="False" />
                <line number="141" hits="0" branch="False" />
                <line number="142" hits="0" branch="False" />
                <line number="144" hits="0" branch="False" />
                <line number="146" hits="0" branch="False" />
                <line number="147" hits="0" branch="False" />
                <line number="148" hits="0" branch="False" />
                <line number="149" hits="0" branch="False" />
                <line number="150" hits="0" branch="False" />
                <line number="151" hits="0" branch="False" />
                <line number="153" hits="0" branch="False" />
              </lines>
            </method>
          </methods>
          <lines>
            <line number="106" hits="0" branch="False" />
            <line number="107" hits="0" branch="False" />
            <line number="109" hits="0" branch="True" condition-coverage="0% (0/2)">
              <conditions>
                <condition number="180" type="jump" coverage="0%" />
              </conditions>
            </line>
            <line number="110" hits="0" branch="False" />
            <line number="111" hits="0" branch="False" />
            <line number="112" hits="0" branch="False" />
            <line number="113" hits="0" branch="False" />
            <line number="114" hits="0" branch="False" />
            <line number="115" hits="0" branch="False" />
            <line number="118" hits="0" branch="False" />
            <line number="120" hits="0" branch="True" condition-coverage="0% (0/2)">
              <conditions>
                <condition number="370" type="jump" coverage="0%" />
              </conditions>
            </line>
            <line number="121" hits="0" branch="False" />
            <line number="122" hits="0" branch="False" />
            <line number="123" hits="0" branch="False" />
            <line number="124" hits="0" branch="False" />
            <line number="125" hits="0" branch="False" />
            <line number="126" hits="0" branch="False" />
            <line number="129" hits="0" branch="False" />
            <line number="130" hits="0" branch="False" />
            <line number="131" hits="0" branch="False" />
            <line number="132" hits="0" branch="False" />
            <line number="133" hits="0" branch="False" />
            <line number="135" hits="0" branch="False" />
            <line number="137" hits="0" branch="False" />
            <line number="138" hits="0" branch="False" />
            <line number="139" hits="0" branch="False" />
            <line number="140" hits="0" branch="False" />
            <line number="141" hits="0" branch="False" />
            <line number="142" hits="0" branch="False" />
            <line number="144" hits="0" branch="False" />
            <line number="146" hits="0" branch="False" />
            <line number="147" hits="0" branch="False" />
            <line number="148" hits="0" branch="False" />
            <line number="149" hits="0" branch="False" />
            <line number="150" hits="0" branch="False" />
            <line number="151" hits="0" branch="False" />
            <line number="153" hits="0" branch="False" />
          </lines>
        </class>
        <class name="DemoAPI_app.Models.Employee" filename="source\repos\DemoAPI-app\DemoAPI-app\Models\Employee.cs" line-rate="0" branch-rate="1" complexity="5">
          <methods>
            <method name="get_EmployeeId" signature="()" line-rate="0" branch-rate="1" complexity="1">
              <lines>
                <line number="11" hits="0" branch="False" />
              </lines>
            </method>
            <method name="get_FirstName" signature="()" line-rate="0" branch-rate="1" complexity="1">
              <lines>
                <line number="12" hits="0" branch="False" />
              </lines>
            </method>
            <method name="get_LastName" signature="()" line-rate="0" branch-rate="1" complexity="1">
              <lines>
                <line number="13" hits="0" branch="False" />
              </lines>
            </method>
            <method name="get_Email" signature="()" line-rate="0" branch-rate="1" complexity="1">
              <lines>
                <line number="14" hits="0" branch="False" />
              </lines>
            </method>
            <method name="get_PhoneNumber" signature="()" line-rate="0" branch-rate="1" complexity="1">
              <lines>
                <line number="15" hits="0" branch="False" />
              </lines>
            </method>
          </methods>
          <lines>
            <line number="11" hits="0" branch="False" />
            <line number="12" hits="0" branch="False" />
            <line number="13" hits="0" branch="False" />
            <line number="14" hits="0" branch="False" />
            <line number="15" hits="0" branch="False" />
          </lines>
        </class>
        <class name="DemoAPI_app.DTOs.ChangePasswordDTO" filename="source\repos\DemoAPI-app\DemoAPI-app\DTOs\ChangePasswordDTO.cs" line-rate="0.75" branch-rate="1" complexity="4">
          <methods>
            <method name="get_Email" signature="()" line-rate="1" branch-rate="1" complexity="1">
              <lines>
                <line number="13" hits="1" branch="False" />
              </lines>
            </method>
            <method name="get_OldPassword" signature="()" line-rate="1" branch-rate="1" complexity="1">
              <lines>
                <line number="18" hits="1" branch="False" />
              </lines>
            </method>
            <method name="get_NewPassword" signature="()" line-rate="0" branch-rate="1" complexity="1">
              <lines>
                <line number="23" hits="0" branch="False" />
              </lines>
            </method>
            <method name="get_ConfirmPassword" signature="()" line-rate="1" branch-rate="1" complexity="1">
              <lines>
                <line number="28" hits="1" branch="False" />
              </lines>
            </method>
          </methods>
          <lines>
            <line number="13" hits="1" branch="False" />
            <line number="18" hits="1" branch="False" />
            <line number="23" hits="0" branch="False" />
            <line number="28" hits="1" branch="False" />
          </lines>
        </class>
        <class name="DemoAPI_app.DTOs.LoginDTO" filename="source\repos\DemoAPI-app\DemoAPI-app\DTOs\LoginDTO.cs" line-rate="1" branch-rate="1" complexity="2">
          <methods>
            <method name="get_Email" signature="()" line-rate="1" branch-rate="1" complexity="1">
              <lines>
                <line number="14" hits="1" branch="False" />
              </lines>
            </method>
            <method name="get_Password" signature="()" line-rate="1" branch-rate="1" complexity="1">
              <lines>
                <line number="18" hits="1" branch="False" />
              </lines>
            </method>
          </methods>
          <lines>
            <line number="14" hits="1" branch="False" />
            <line number="18" hits="1" branch="False" />
          </lines>
        </class>
        <class name="DemoAPI_app.DTOs.RegisterDTO" filename="source\repos\DemoAPI-app\DemoAPI-app\DTOs\RegisterDTO.cs" line-rate="1" branch-rate="1" complexity="3">
          <methods>
            <method name="get_Email" signature="()" line-rate="1" branch-rate="1" complexity="1">
              <lines>
                <line number="14" hits="1" branch="False" />
              </lines>
            </method>
            <method name="get_Password" signature="()" line-rate="1" branch-rate="1" complexity="1">
              <lines>
                <line number="18" hits="1" branch="False" />
              </lines>
            </method>
            <method name="get_ConfirmPassword" signature="()" line-rate="1" branch-rate="1" complexity="1">
              <lines>
                <line number="22" hits="1" branch="False" />
              </lines>
            </method>
          </methods>
          <lines>
            <line number="14" hits="1" branch="False" />
            <line number="18" hits="1" branch="False" />
            <line number="22" hits="1" branch="False" />
          </lines>
        </class>
        <class name="DemoAPI_app.DTOs.UsermanagerResponseDTO" filename="source\repos\DemoAPI-app\DemoAPI-app\DTOs\UsermanagerResponseDTO.cs" line-rate="0.25" branch-rate="1" complexity="4">
          <methods>
            <method name="get_Message" signature="()" line-rate="0" branch-rate="1" complexity="1">
              <lines>
                <line number="10" hits="0" branch="False" />
              </lines>
            </method>
            <method name="get_IsSuccessful" signature="()" line-rate="1" branch-rate="1" complexity="1">
              <lines>
                <line number="11" hits="12" branch="False" />
              </lines>
            </method>
            <method name="get_Errors" signature="()" line-rate="0" branch-rate="1" complexity="1">
              <lines>
                <line number="12" hits="0" branch="False" />
              </lines>
            </method>
            <method name="get_ExpireDate" signature="()" line-rate="0" branch-rate="1" complexity="1">
              <lines>
                <line number="13" hits="0" branch="False" />
              </lines>
            </method>
          </methods>
          <lines>
            <line number="10" hits="0" branch="False" />
            <line number="11" hits="12" branch="False" />
            <line number="12" hits="0" branch="False" />
            <line number="13" hits="0" branch="False" />
          </lines>
        </class>
        <class name="DemoAPI_app.Data.ApplicationDbContext" filename="source\repos\DemoAPI-app\DemoAPI-app\Data\ApplicationDbContext.cs" line-rate="0" branch-rate="1" complexity="2">
          <methods>
            <method name="get_EmployeesTbl" signature="()" line-rate="0" branch-rate="1" complexity="1">
              <lines>
                <line number="18" hits="0" branch="False" />
              </lines>
            </method>
            <method name=".ctor" signature="(Microsoft.EntityFrameworkCore.DbContextOptions`1&lt;DemoAPI_app.Data.ApplicationDbContext&gt;)" line-rate="0" branch-rate="1" complexity="1">
              <lines>
                <line number="13" hits="0" branch="False" />
                <line number="14" hits="0" branch="False" />
                <line number="16" hits="0" branch="False" />
              </lines>
            </method>
          </methods>
          <lines>
            <line number="18" hits="0" branch="False" />
            <line number="13" hits="0" branch="False" />
            <line number="14" hits="0" branch="False" />
            <line number="16" hits="0" branch="False" />
          </lines>
        </class>
        <class name="DemoAPI_app.Controllers.AuthController" filename="source\repos\DemoAPI-app\DemoAPI-app\Controllers\AuthController.cs" line-rate="1" branch-rate="1" complexity="1">
          <methods>
            <method name=".ctor" signature="(System.IServiceProvider)" line-rate="1" branch-rate="1" complexity="1">
              <lines>
                <line number="20" hits="3" branch="False" />
                <line number="21" hits="3" branch="False" />
                <line number="22" hits="3" branch="False" />
                <line number="23" hits="6" branch="False" />
              </lines>
            </method>
          </methods>
          <lines>
            <line number="20" hits="3" branch="False" />
            <line number="21" hits="3" branch="False" />
            <line number="22" hits="3" branch="False" />
            <line number="23" hits="6" branch="False" />
          </lines>
        </class>
        <class name="DemoAPI_app.Controllers.AuthController/&lt;RegisterAsync&gt;d__3" filename="source\repos\DemoAPI-app\DemoAPI-app\Controllers\AuthController.cs" line-rate="1" branch-rate="0.75" complexity="4">
          <methods>
            <method name="MoveNext" signature="()" line-rate="1" branch-rate="0.75" complexity="4">
              <lines>
                <line number="29" hits="2" branch="False" />
                <line number="30" hits="2" branch="True" condition-coverage="50% (1/2)">
                  <conditions>
                    <condition number="36" type="jump" coverage="50%" />
                  </conditions>
                </line>
                <line number="32" hits="2" branch="False" />
                <line number="34" hits="3" branch="True" condition-coverage="100% (2/2)">
                  <conditions>
                    <condition number="215" type="jump" coverage="100%" />
                  </conditions>
                </line>
                <line number="36" hits="1" branch="False" />
                <line number="38" hits="2" branch="False" />
              </lines>
            </method>
          </methods>
          <lines>
            <line number="29" hits="2" branch="False" />
            <line number="30" hits="2" branch="True" condition-coverage="50% (1/2)">
              <conditions>
                <condition number="36" type="jump" coverage="50%" />
              </conditions>
            </line>
            <line number="32" hits="2" branch="False" />
            <line number="34" hits="3" branch="True" condition-coverage="100% (2/2)">
              <conditions>
                <condition number="215" type="jump" coverage="100%" />
              </conditions>
            </line>
            <line number="36" hits="1" branch="False" />
            <line number="38" hits="2" branch="False" />
          </lines>
        </class>
        <class name="DemoAPI_app.Controllers.AuthController/&lt;ChangePasswordAsync&gt;d__4" filename="source\repos\DemoAPI-app\DemoAPI-app\Controllers\AuthController.cs" line-rate="1" branch-rate="0.75" complexity="4">
          <methods>
            <method name="MoveNext" signature="()" line-rate="1" branch-rate="0.75" complexity="4">
              <lines>
                <line number="45" hits="2" branch="False" />
                <line number="46" hits="2" branch="True" condition-coverage="50% (1/2)">
                  <conditions>
                    <condition number="36" type="jump" coverage="50%" />
                  </conditions>
                </line>
                <line number="50" hits="2" branch="False" />
                <line number="52" hits="3" branch="True" condition-coverage="100% (2/2)">
                  <conditions>
                    <condition number="215" type="jump" coverage="100%" />
                  </conditions>
                </line>
                <line number="54" hits="1" branch="False" />
                <line number="56" hits="2" branch="False" />
              </lines>
            </method>
          </methods>
          <lines>
            <line number="45" hits="2" branch="False" />
            <line number="46" hits="2" branch="True" condition-coverage="50% (1/2)">
              <conditions>
                <condition number="36" type="jump" coverage="50%" />
              </conditions>
            </line>
            <line number="50" hits="2" branch="False" />
            <line number="52" hits="3" branch="True" condition-coverage="100% (2/2)">
              <conditions>
                <condition number="215" type="jump" coverage="100%" />
              </conditions>
            </line>
            <line number="54" hits="1" branch="False" />
            <line number="56" hits="2" branch="False" />
          </lines>
        </class>
        <class name="DemoAPI_app.Controllers.AuthController/&lt;LoginAsync&gt;d__5" filename="source\repos\DemoAPI-app\DemoAPI-app\Controllers\AuthController.cs" line-rate="1" branch-rate="0.75" complexity="4">
          <methods>
            <method name="MoveNext" signature="()" line-rate="1" branch-rate="0.75" complexity="4">
              <lines>
                <line number="62" hits="2" branch="False" />
                <line number="63" hits="2" branch="True" condition-coverage="50% (1/2)">
                  <conditions>
                    <condition number="36" type="jump" coverage="50%" />
                  </conditions>
                </line>
                <line number="65" hits="2" branch="False" />
                <line number="67" hits="3" branch="True" condition-coverage="100% (2/2)">
                  <conditions>
                    <condition number="212" type="jump" coverage="100%" />
                  </conditions>
                </line>
                <line number="69" hits="1" branch="False" />
                <line number="71" hits="2" branch="False" />
              </lines>
            </method>
          </methods>
          <lines>
            <line number="62" hits="2" branch="False" />
            <line number="63" hits="2" branch="True" condition-coverage="50% (1/2)">
              <conditions>
                <condition number="36" type="jump" coverage="50%" />
              </conditions>
            </line>
            <line number="65" hits="2" branch="False" />
            <line number="67" hits="3" branch="True" condition-coverage="100% (2/2)">
              <conditions>
                <condition number="212" type="jump" coverage="100%" />
              </conditions>
            </line>
            <line number="69" hits="1" branch="False" />
            <line number="71" hits="2" branch="False" />
          </lines>
        </class>
        <class name="DemoAPI_app.Controllers.WeatherForecastController" filename="source\repos\DemoAPI-app\DemoAPI-app\Controllers\WeatherForecastController.cs" line-rate="0" branch-rate="1" complexity="3">
          <methods>
            <method name="Get" signature="()" line-rate="0" branch-rate="1" complexity="1">
              <lines>
                <line number="31" hits="0" branch="False" />
                <line number="32" hits="0" branch="False" />
                <line number="34" hits="0" branch="False" />
                <line number="35" hits="0" branch="False" />
                <line number="36" hits="0" branch="False" />
                <line number="37" hits="0" branch="False" />
                <line number="38" hits="0" branch="False" />
                <line number="39" hits="0" branch="False" />
                <line number="40" hits="0" branch="False" />
                <line number="41" hits="0" branch="False" />
                <line number="42" hits="0" branch="False" />
              </lines>
            </method>
            <method name=".ctor" signature="(Microsoft.Extensions.Logging.ILogger`1&lt;DemoAPI_app.Controllers.WeatherForecastController&gt;)" line-rate="0" branch-rate="1" complexity="1">
              <lines>
                <line number="24" hits="0" branch="False" />
                <line number="25" hits="0" branch="False" />
                <line number="26" hits="0" branch="False" />
                <line number="27" hits="0" branch="False" />
              </lines>
            </method>
            <method name=".cctor" signature="()" line-rate="0" branch-rate="1" complexity="1">
              <lines>
                <line number="17" hits="0" branch="False" />
                <line number="18" hits="0" branch="False" />
                <line number="19" hits="0" branch="False" />
                <line number="20" hits="0" branch="False" />
              </lines>
            </method>
          </methods>
          <lines>
            <line number="31" hits="0" branch="False" />
            <line number="32" hits="0" branch="False" />
            <line number="34" hits="0" branch="False" />
            <line number="35" hits="0" branch="False" />
            <line number="36" hits="0" branch="False" />
            <line number="37" hits="0" branch="False" />
            <line number="38" hits="0" branch="False" />
            <line number="39" hits="0" branch="False" />
            <line number="40" hits="0" branch="False" />
            <line number="41" hits="0" branch="False" />
            <line number="42" hits="0" branch="False" />
            <line number="24" hits="0" branch="False" />
            <line number="25" hits="0" branch="False" />
            <line number="26" hits="0" branch="False" />
            <line number="27" hits="0" branch="False" />
            <line number="17" hits="0" branch="False" />
            <line number="18" hits="0" branch="False" />
            <line number="19" hits="0" branch="False" />
            <line number="20" hits="0" branch="False" />
          </lines>
        </class>
      </classes>
    </package>
    <package name="DemoAPI-TestProject" line-rate="0.9655" branch-rate="1" complexity="12">
      <classes>
        <class name="AutoGeneratedProgram" filename=".nuget\packages\microsoft.net.test.sdk\16.5.0\build\netcoreapp2.1\Microsoft.NET.Test.Sdk.Program.cs" line-rate="0" branch-rate="1" complexity="1">
          <methods>
            <method name="Main" signature="(System.String[])" line-rate="0" branch-rate="1" complexity="1">
              <lines>
                <line number="4" hits="0" branch="False" />
              </lines>
            </method>
          </methods>
          <lines>
            <line number="4" hits="0" branch="False" />
          </lines>
        </class>
        <class name="DemoAPI_TestProject.AuthControllerTest" filename="source\repos\DemoAPI-app\DemoAPI-TestProject\AuthControllerTest.cs" line-rate="1" branch-rate="1" complexity="6">
          <methods>
            <method name="MockIServiceProviderSetUp" signature="()" line-rate="1" branch-rate="1" complexity="1">
              <lines>
                <line number="27" hits="3" branch="False" />
                <line number="28" hits="3" branch="False" />
                <line number="29" hits="3" branch="False" />
                <line number="31" hits="3" branch="False" />
                <line number="32" hits="3" branch="False" />
                <line number="33" hits="3" branch="False" />
              </lines>
            </method>
            <method name="RegisterMockUp" signature="(System.Boolean)" line-rate="1" branch-rate="1" complexity="1">
              <lines>
                <line number="36" hits="2" branch="False" />
                <line number="37" hits="2" branch="False" />
                <line number="38" hits="2" branch="False" />
                <line number="39" hits="2" branch="False" />
              </lines>
            </method>
            <method name="LoginMockUp" signature="(System.Boolean)" line-rate="1" branch-rate="1" complexity="1">
              <lines>
                <line number="42" hits="2" branch="False" />
                <line number="43" hits="2" branch="False" />
                <line number="44" hits="2" branch="False" />
                <line number="46" hits="2" branch="False" />
              </lines>
            </method>
            <method name="ChangePasswordMockUp" signature="(System.Boolean)" line-rate="1" branch-rate="1" complexity="1">
              <lines>
                <line number="49" hits="2" branch="False" />
                <line number="50" hits="2" branch="False" />
                <line number="51" hits="2" branch="False" />
                <line number="53" hits="2" branch="False" />
              </lines>
            </method>
            <method name=".ctor" signature="()" line-rate="1" branch-rate="1" complexity="1">
              <lines>
                <line number="20" hits="1" branch="False" />
                <line number="21" hits="1" branch="False" />
                <line number="22" hits="1" branch="False" />
              </lines>
            </method>
            <method name=".cctor" signature="()" line-rate="1" branch-rate="1" complexity="1">
              <lines>
                <line number="19" hits="1" branch="False" />
              </lines>
            </method>
          </methods>
          <lines>
            <line number="27" hits="3" branch="False" />
            <line number="28" hits="3" branch="False" />
            <line number="29" hits="3" branch="False" />
            <line number="31" hits="3" branch="False" />
            <line number="32" hits="3" branch="False" />
            <line number="33" hits="3" branch="False" />
            <line number="36" hits="2" branch="False" />
            <line number="37" hits="2" branch="False" />
            <line number="38" hits="2" branch="False" />
            <line number="39" hits="2" branch="False" />
            <line number="42" hits="2" branch="False" />
            <line number="43" hits="2" branch="False" />
            <line number="44" hits="2" branch="False" />
            <line number="46" hits="2" branch="False" />
            <line number="49" hits="2" branch="False" />
            <line number="50" hits="2" branch="False" />
            <line number="51" hits="2" branch="False" />
            <line number="53" hits="2" branch="False" />
            <line number="20" hits="1" branch="False" />
            <line number="21" hits="1" branch="False" />
            <line number="22" hits="1" branch="False" />
            <line number="19" hits="1" branch="False" />
          </lines>
        </class>
        <class name="DemoAPI_TestProject.AuthControllerTest/&lt;UserRegisterTest&gt;d__10" filename="source\repos\DemoAPI-app\DemoAPI-TestProject\AuthControllerTest.cs" line-rate="1" branch-rate="1" complexity="1">
          <methods>
            <method name="MoveNext" signature="()" line-rate="1" branch-rate="1" complexity="1">
              <lines>
                <line number="59" hits="1" branch="False" />
                <line number="61" hits="1" branch="False" />
                <line number="65" hits="1" branch="False" />
                <line number="66" hits="1" branch="False" />
                <line number="68" hits="1" branch="False" />
                <line number="69" hits="1" branch="False" />
                <line number="72" hits="1" branch="False" />
                <line number="73" hits="1" branch="False" />
                <line number="74" hits="1" branch="False" />
              </lines>
            </method>
          </methods>
          <lines>
            <line number="59" hits="1" branch="False" />
            <line number="61" hits="1" branch="False" />
            <line number="65" hits="1" branch="False" />
            <line number="66" hits="1" branch="False" />
            <line number="68" hits="1" branch="False" />
            <line number="69" hits="1" branch="False" />
            <line number="72" hits="1" branch="False" />
            <line number="73" hits="1" branch="False" />
            <line number="74" hits="1" branch="False" />
          </lines>
        </class>
        <class name="DemoAPI_TestProject.AuthControllerTest/&lt;UserLoginTest&gt;d__11" filename="source\repos\DemoAPI-app\DemoAPI-TestProject\AuthControllerTest.cs" line-rate="1" branch-rate="1" complexity="1">
          <methods>
            <method name="MoveNext" signature="()" line-rate="1" branch-rate="1" complexity="1">
              <lines>
                <line number="80" hits="1" branch="False" />
                <line number="82" hits="1" branch="False" />
                <line number="83" hits="1" branch="False" />
                <line number="84" hits="1" branch="False" />
                <line number="85" hits="1" branch="False" />
                <line number="88" hits="1" branch="False" />
                <line number="89" hits="1" branch="False" />
                <line number="91" hits="1" branch="False" />
                <line number="92" hits="1" branch="False" />
                <line number="96" hits="1" branch="False" />
                <line number="97" hits="1" branch="False" />
                <line number="98" hits="1" branch="False" />
              </lines>
            </method>
          </methods>
          <lines>
            <line number="80" hits="1" branch="False" />
            <line number="82" hits="1" branch="False" />
            <line number="83" hits="1" branch="False" />
            <line number="84" hits="1" branch="False" />
            <line number="85" hits="1" branch="False" />
            <line number="88" hits="1" branch="False" />
            <line number="89" hits="1" branch="False" />
            <line number="91" hits="1" branch="False" />
            <line number="92" hits="1" branch="False" />
            <line number="96" hits="1" branch="False" />
            <line number="97" hits="1" branch="False" />
            <line number="98" hits="1" branch="False" />
          </lines>
        </class>
        <class name="DemoAPI_TestProject.AuthControllerTest/&lt;UserChangePasswordTest&gt;d__12" filename="source\repos\DemoAPI-app\DemoAPI-TestProject\AuthControllerTest.cs" line-rate="1" branch-rate="1" complexity="1">
          <methods>
            <method name="MoveNext" signature="()" line-rate="1" branch-rate="1" complexity="1">
              <lines>
                <line number="105" hits="1" branch="False" />
                <line number="107" hits="1" branch="False" />
                <line number="111" hits="1" branch="False" />
                <line number="112" hits="1" branch="False" />
                <line number="114" hits="1" branch="False" />
                <line number="115" hits="1" branch="False" />
                <line number="118" hits="1" branch="False" />
                <line number="119" hits="1" branch="False" />
                <line number="120" hits="1" branch="False" />
              </lines>
            </method>
          </methods>
          <lines>
            <line number="105" hits="1" branch="False" />
            <line number="107" hits="1" branch="False" />
            <line number="111" hits="1" branch="False" />
            <line number="112" hits="1" branch="False" />
            <line number="114" hits="1" branch="False" />
            <line number="115" hits="1" branch="False" />
            <line number="118" hits="1" branch="False" />
            <line number="119" hits="1" branch="False" />
            <line number="120" hits="1" branch="False" />
          </lines>
        </class>
        <class name="DemoAPI_TestProject.Tests" filename="source\repos\DemoAPI-app\DemoAPI-TestProject\UnitTest1.cs" line-rate="0.8" branch-rate="1" complexity="2">
          <methods>
            <method name="Setup" signature="()" line-rate="1" branch-rate="1" complexity="1">
              <lines>
                <line number="9" hits="1" branch="False" />
                <line number="10" hits="1" branch="False" />
              </lines>
            </method>
            <method name="Test1" signature="()" line-rate="0.6666" branch-rate="1" complexity="1">
              <lines>
                <line number="14" hits="1" branch="False" />
                <line number="15" hits="1" branch="False" />
                <line number="16" hits="0" branch="False" />
              </lines>
            </method>
          </methods>
          <lines>
            <line number="9" hits="1" branch="False" />
            <line number="10" hits="1" branch="False" />
            <line number="14" hits="1" branch="False" />
            <line number="15" hits="1" branch="False" />
            <line number="16" hits="0" branch="False" />
          </lines>
        </class>
      </classes>
    </package>
  </packages>
</coverage>